0 info it worked if it ends with ok
1 verbose cli [ '/Users/liuqingling/.nvm/versions/node/v6.7.0/bin/node',
1 verbose cli   '/Users/liuqingling/.nvm/versions/node/v6.7.0/bin/npm',
1 verbose cli   'start' ]
2 info using npm@3.10.3
3 info using node@v6.7.0
4 verbose run-script [ 'prestart', 'start', 'poststart' ]
5 info lifecycle QANDA@1.0.0~prestart: QANDA@1.0.0
6 silly lifecycle QANDA@1.0.0~prestart: no script for prestart, continuing
7 info lifecycle QANDA@1.0.0~start: QANDA@1.0.0
8 verbose lifecycle QANDA@1.0.0~start: unsafe-perm in lifecycle true
9 verbose lifecycle QANDA@1.0.0~start: PATH: /Users/liuqingling/.nvm/versions/node/v6.7.0/lib/node_modules/npm/bin/node-gyp-bin:/Users/liuqingling/2016project/yonyouframework/Apps/schedule/node_modules/.bin:/Users/liuqingling/.nvm/versions/node/v6.7.0/bin:/opt/local/bin:/opt/local/sbin:/Users/liuqingling/.nvm/versions/node/v6.7.0/bin:/usr/local/bin:/usr/bin:/bin:/usr/sbin:/sbin:/usr/local/go/bin:/tools:/usr/local/go:/usr/local/go/pkg/tool/darwin_amd64:/Users/liuqingling/Documents/workspace/:/Users/liuqingling/Library/Android/sdk/platform-tools/
10 verbose lifecycle QANDA@1.0.0~start: CWD: /Users/liuqingling/2016project/yonyouframework/Apps/schedule
11 silly lifecycle QANDA@1.0.0~start: Args: [ '-c', 'node ./server.js' ]
12 silly lifecycle QANDA@1.0.0~start: Returned: code: 1  signal: null
13 info lifecycle QANDA@1.0.0~start: Failed to exec start script
14 verbose stack Error: QANDA@1.0.0 start: `node ./server.js`
14 verbose stack Exit status 1
14 verbose stack     at EventEmitter.<anonymous> (/Users/liuqingling/.nvm/versions/node/v6.7.0/lib/node_modules/npm/lib/utils/lifecycle.js:242:16)
14 verbose stack     at emitTwo (events.js:106:13)
14 verbose stack     at EventEmitter.emit (events.js:191:7)
14 verbose stack     at ChildProcess.<anonymous> (/Users/liuqingling/.nvm/versions/node/v6.7.0/lib/node_modules/npm/lib/utils/spawn.js:40:14)
14 verbose stack     at emitTwo (events.js:106:13)
14 verbose stack     at ChildProcess.emit (events.js:191:7)
14 verbose stack     at maybeClose (internal/child_process.js:877:16)
14 verbose stack     at Process.ChildProcess._handle.onexit (internal/child_process.js:226:5)
15 verbose pkgid QANDA@1.0.0
16 verbose cwd /Users/liuqingling/2016project/yonyouframework/Apps/schedule
17 error Darwin 14.5.0
18 error argv "/Users/liuqingling/.nvm/versions/node/v6.7.0/bin/node" "/Users/liuqingling/.nvm/versions/node/v6.7.0/bin/npm" "start"
19 error node v6.7.0
20 error npm  v3.10.3
21 error code ELIFECYCLE
22 error QANDA@1.0.0 start: `node ./server.js`
22 error Exit status 1
23 error Failed at the QANDA@1.0.0 start script 'node ./server.js'.
23 error Make sure you have the latest version of node.js and npm installed.
23 error If you do, this is most likely a problem with the QANDA package,
23 error not with npm itself.
23 error Tell the author that this fails on your system:
23 error     node ./server.js
23 error You can get information on how to open an issue for this project with:
23 error     npm bugs QANDA
23 error Or if that isn't available, you can get their info via:
23 error     npm owner ls QANDA
23 error There is likely additional logging output above.
24 verbose exit [ 1, true ]
